MOP_NICK=>
SocialNetwork=>OIlbYYzJe8YJuFGYiaoyIABRqxaRrlQ33_j05uoX3yqp9m1AL6l1YNV-XwJfbvJooZVg1szFqpiHOgtOMKSK3UIuJit9wEEUMLJghYfyHLUQ4gZQYs9c7XHE59s2QcnU0lmEJQDqBPZL4GwrrazrGKWq4pMl9kVCVKOqkwiu04eviLmv70VYM2fTUSM3r4jT7_ROi8w0uohDeLyIHcN8B0fI274EdMHJ-VQAocYJMNRjLwTcuZf_fxD42RUwIevL20ZziMWz4TQ0enUDlvydD0NyENzqhxpirsoHONCf-C0wc0JZU6yIAIri_FrvAc_LZIzV0_637M-6iIZE8d7nPWKrKdvuJIjvtUsGoOEyRx3T26X1V2r9x3nZLdnumQCbdEkVH9fNIpJMpK6qcnb1E78tA_cpnaSrbTdB0fCPn2LyJI19UpXBSmk8rlv9k94TzZ3-n1ExMRuwRviJwVo964DkyszVx_FRK6o-wAtMwAjDLiDVWbbLsUXq-HAUbKP1RhpATOtWJNZFiWlf-kamv5oROtm433Lj
mop_token=>2212620
mop_profile2=>Array
mop_sess_id=>2212620
------------------------
MOP_NICK=>
SocialNetwork=>OIlbYYzJe8YJuFGYiaoyIABRqxaRrlQ33_j05uoX3yqp9m1AL6l1YNV-XwJfbvJooZVg1szFqpiHOgtOMKSK3UIuJit9wEEUMLJghYfyHLUQ4gZQYs9c7XHE59s2QcnU0lmEJQDqBPZL4GwrrazrGKWq4pMl9kVCVKOqkwiu04eviLmv70VYM2fTUSM3r4jT7_ROi8w0uohDeLyIHcN8B0fI274EdMHJ-VQAocYJMNRjLwTcuZf_fxD42RUwIevL20ZziMWz4TQ0enUDlvydD0NyENzqhxpirsoHONCf-C0wc0JZU6yIAIri_FrvAc_LZIzV0_637M-6iIZE8d7nPWKrKdvuJIjvtUsGoOEyRx3T26X1V2r9x3nZLdnumQCbdEkVH9fNIpJMpK6qcnb1E78tA_cpnaSrbTdB0fCPn2LyJI19UpXBSmk8rlv9k94TzZ3-n1ExMRuwRviJwVo964DkyszVx_FRK6o-wAtMwAjDLiDVWbbLsUXq-HAUbKP1RhpATOtWJNZFiWlf-kamv5oROtm433Lj
mop_token=>2212620
mop_profile2=>Array
mop_sess_id=>2212620
------------------------
MOP_NICK=>
SocialNetwork=>OIlbYYzJe8YJuFGYiaoyIABRqxaRrlQ33_j05uoX3yqp9m1AL6l1YNV-XwJfbvJooZVg1szFqpiHOgtOMKSK3UIuJit9wEEUMLJghYfyHLUQ4gZQYs9c7XHE59s2QcnU0lmEJQDqBPZL4GwrrazrGKWq4pMl9kVCVKOqkwiu04eviLmv70VYM2fTUSM3r4jT7_ROi8w0uohDeLyIHcN8B0fI274EdMHJ-VQAocYJMNRjLwTcuZf_fxD42RUwIevL20ZziMWz4TQ0enUDlvydD0NyENzqhxpirsoHONCf-C0wc0JZU6yIAIri_FrvAc_LZIzV0_637M-6iIZE8d7nPWKrKdvuJIjvtUsGoOEyRx3T26X1V2r9x3nZLdnumQCbdEkVH9fNIpJMpK6qcnb1E78tA_cpnaSrbTdB0fCPn2LyJI19UpXBSmk8rlv9k94TzZ3-n1ExMRuwRviJwVo964DkyszVx_FRK6o-wAtMwAjDLiDVWbbLsUXq-HAUbKP1RhpATOtWJNZFiWlf-kamv5oROtm433Lj
mop_token=>2212978
mop_profile2=>Array
mop_sess_id=>2212978
------------------------
MOP_NICK=>
SocialNetwork=>OIlbYYzJe8YJuFGYiaoyIABRqxaRrlQ33_j05uoX3yqp9m1AL6l1YNV-XwJfbvJooZVg1szFqpiHOgtOMKSK3UIuJit9wEEUMLJghYfyHLUQ4gZQYs9c7XHE59s2QcnU0lmEJQDqBPZL4GwrrazrGKWq4pMl9kVCVKOqkwiu04eviLmv70VYM2fTUSM3r4jT7_ROi8w0uohDeLyIHcN8B0fI274EdMHJ-VQAocYJMNRjLwTcuZf_fxD42RUwIevL20ZziMWz4TQ0enUDlvydD0NyENzqhxpirsoHONCf-C0wc0JZU6yIAIri_FrvAc_LZIzV0_637M-6iIZE8d7nPWKrKdvuJIjvtUsGoOEyRx3T26X1V2r9x3nZLdnumQCbdEkVH9fNIpJMpK6qcnb1E78tA_cpnaSrbTdB0fCPn2LyJI19UpXBSmk8rlv9k94TzZ3-n1ExMRuwRviJwVo964DkyszVx_FRK6o-wAtMwAjDLiDVWbbLsUXq-HAUbKP1RhpATOtWJNZFiWlf-kamv5oROtm433Lj
mop_token=>2212978
mop_profile2=>Array
mop_sess_id=>2212978
------------------------
MOP_NICK=>
SocialNetwork=>OIlbYYzJe8YJuFGYiaoyIABRqxaRrlQ33_j05uoX3yqp9m1AL6l1YNV-XwJfbvJooZVg1szFqpiHOgtOMKSK3UIuJit9wEEUMLJghYfyHLUQ4gZQYs9c7XHE59s2QcnU0lmEJQDqBPZL4GwrrazrGKWq4pMl9kVCVKOqkwiu04eviLmv70VYM2fTUSM3r4jT7_ROi8w0uohDeLyIHcN8B0fI274EdMHJ-VQAocYJMNRjLwTcuZf_fxD42RUwIevL20ZziMWz4TQ0enUDlvydD0NyENzqhxpirsoHONCf-C0wc0JZU6yIAIri_FrvAc_LZIzV0_637M-6iIZE8d7nPWKrKdvuJIjvtUsGoOEyRx3T26X1V2r9x3nZLdnumQCbdEkVH9fNIpJMpK6qcnb1E78tA_cpnaSrbTdB0fCPn2LyJI19UpXBSmk8rlv9k94TzZ3-n1ExMRuwRviJwVo964DkyszVx_FRK6o-wAtMwAjDLiDVWbbLsUXq-HAUbKP1RhpATOtWJNZFiWlf-kamv5oROtm433Lj
mop_token=>2212978
mop_profile2=>Array
mop_sess_id=>2212978
------------------------
MOP_NICK=>
SocialNetwork=>OIlbYYzJe8YJuFGYiaoyIABRqxaRrlQ33_j05uoX3yqp9m1AL6l1YNV-XwJfbvJooZVg1szFqpiHOgtOMKSK3UIuJit9wEEUMLJghYfyHLUQ4gZQYs9c7XHE59s2QcnU0lmEJQDqBPZL4GwrrazrGKWq4pMl9kVCVKOqkwiu04eviLmv70VYM2fTUSM3r4jT7_ROi8w0uohDeLyIHcN8B0fI274EdMHJ-VQAocYJMNRjLwTcuZf_fxD42RUwIevL20ZziMWz4TQ0enUDlvydD0NyENzqhxpirsoHONCf-C0wc0JZU6yIAIri_FrvAc_LZIzV0_637M-6iIZE8d7nPWKrKdvuJIjvtUsGoOEyRx3T26X1V2r9x3nZLdnumQCbdEkVH9fNIpJMpK6qcnb1E78tA_cpnaSrbTdB0fCPn2LyJI19UpXBSmk8rlv9k94TzZ3-n1ExMRuwRviJwVo964DkyszVx_FRK6o-wAtMwAjDLiDVWbbLsUXq-HAUbKP1RhpATOtWJNZFiWlf-kamv5oROtm433Lj
mop_token=>2212978
mop_profile2=>Array
mop_sess_id=>2212978
------------------------
MOP_NICK=>
SocialNetwork=>OIlbYYzJe8YJuFGYiaoyIABRqxaRrlQ33_j05uoX3yqp9m1AL6l1YNV-XwJfbvJooZVg1szFqpiHOgtOMKSK3UIuJit9wEEUMLJghYfyHLUQ4gZQYs9c7XHE59s2QcnU0lmEJQDqBPZL4GwrrazrGKWq4pMl9kVCVKOqkwiu04eviLmv70VYM2fTUSM3r4jT7_ROi8w0uogZFlvveRJ_VWVCODHz2ElD_o-tbPuqmkUUxTI0eQdg9KVtkjC8rqA4R2RtF1l1MI95vJ2fRqXyRz85RM5Pua8WbZOFEyC23M9no0DXppq63ZzGffTrPRpjznYLPdWBwzbk8zGjdk1sY8jYBaAO0ZBhZgq7dMBHPLxU6f2zNfuvBFJQ1l1FwE4vQbYoImoyU5cbvfjGFHaP8u4FZTnCBKTh_tlBJe4SEJ9nTyCxyqe-9vrPwMpY47h2dnYjVcsjkmFK80OVrUppt4GQLBGjH36S7woc7WbEbW2aETrZuN9y4w..
mop_token=>2238754
mop_profile2=>Array
mop_sess_id=>2238754
------------------------
MOP_NICK=>
SocialNetwork=>OIlbYYzJe8YJuFGYiaoyIABRqxaRrlQ33_j05uoX3yqp9m1AL6l1YNV-XwJfbvJooZVg1szFqpiHOgtOMKSK3UIuJit9wEEUMLJghYfyHLUQ4gZQYs9c7XHE59s2QcnU0lmEJQDqBPZL4GwrrazrGKWq4pMl9kVCVKOqkwiu04eviLmv70VYM2fTUSM3r4jT7_ROi8w0uogZFlvveRJ_VWVCODHz2ElD_o-tbPuqmkUUxTI0eQdg9KVtkjC8rqA4R2RtF1l1MI95vJ2fRqXyRz85RM5Pua8WbZOFEyC23M9no0DXppq63ZzGffTrPRpjznYLPdWBwzbk8zGjdk1sY8jYBaAO0ZBhZgq7dMBHPLxU6f2zNfuvBFJQ1l1FwE4vQbYoImoyU5cbvfjGFHaP8u4FZTnCBKTh_tlBJe4SEJ9nTyCxyqe-9vrPwMpY47h2dnYjVcsjkmFK80OVrUppt4GQLBGjH36S7woc7WbEbW2aETrZuN9y4w..
mop_token=>2239828
mop_profile2=>Array
mop_sess_id=>2239828
------------------------
MOP_NICK=>
SocialNetwork=>OIlbYYzJe8YJuFGYiaoyIABRqxaRrlQ33_j05uoX3yqp9m1AL6l1YNV-XwJfbvJooZVg1szFqpiHOgtOMKSK3UIuJit9wEEUMLJghYfyHLUQ4gZQYs9c7XHE59s2QcnU0lmEJQDqBPZL4GwrrazrGKWq4pMl9kVCVKOqkwiu04eviLmv70VYM2fTUSM3r4jT7_ROi8w0uogZFlvveRJ_VWVCODHz2ElD_o-tbPuqmkUUxTI0eQdg9KVtkjC8rqA4R2RtF1l1MI95vJ2fRqXyRz85RM5Pua8WbZOFEyC23M9no0DXppq63ZzGffTrPRpjznYLPdWBwzbk8zGjdk1sY8jYBaAO0ZBhZgq7dMBHPLxU6f2zNfuvBFJQ1l1FwE4vQbYoImoyU5cbvfjGFHaP8u4FZTnCBKTh_tlBJe4SEJ9nTyCxyqe-9vrPwMpY47h2dnYjVcsjkmFK80OVrUppt4GQLBGjH36S7woc7WbEbW2aETrZuN9y4w..
mop_token=>2239828
mop_profile2=>Array
mop_sess_id=>2239828
------------------------
MOP_NICK=>
SocialNetwork=>OIlbYYzJe8YJuFGYiaoyIABRqxaRrlQ33_j05uoX3yqp9m1AL6l1YNV-XwJfbvJooZVg1szFqpiHOgtOMKSK3UIuJit9wEEUMLJghYfyHLUQ4gZQYs9c7XHE59s2QcnU0lmEJQDqBPZL4GwrrazrGKWq4pMl9kVCVKOqkwiu04eviLmv70VYM2fTUSM3r4jT7_ROi8w0uogZFlvveRJ_VWVCODHz2ElD_o-tbPuqmkUUxTI0eQdg9KVtkjC8rqA4R2RtF1l1MI95vJ2fRqXyRz85RM5Pua8WbZOFEyC23M9no0DXppq63ZzGffTrPRpjznYLPdWBwzbk8zGjdk1sY8jYBaAO0ZBhZgq7dMBHPLxU6f2zNfuvBFJQ1l1FwE4vQbYoImoyU5cbvfjGFHaP8u4FZTnCBKTh_tlBJe4SEJ9nTyCxyqe-9vrPwMpY47h2dnYjVcsjkmFK80OVrUppt4GQLBGjH36S7woc7WbEbW2aETrZuN9y4w..
mop_token=>2239828
mop_profile2=>Array
mop_sess_id=>2239828
------------------------
MOP_NICK=>
SocialNetwork=>OIlbYYzJe8YJuFGYiaoyIABRqxaRrlQ33_j05uoX3yqp9m1AL6l1YNV-XwJfbvJooZVg1szFqpiHOgtOMKSK3UIuJit9wEEUMLJghYfyHLUQ4gZQYs9c7XHE59s2QcnU0lmEJQDqBPZL4GwrrazrGKWq4pMl9kVCVKOqkwiu04eviLmv70VYM2fTUSM3r4jT7_ROi8w0uogZFlvveRJ_VWVCODHz2ElD_o-tbPuqmkUUxTI0eQdg9KVtkjC8rqA4R2RtF1l1MI95vJ2fRqXyRz85RM5Pua8WbZOFEyC23M9no0DXppq63ZzGffTrPRpjznYLPdWBwzbk8zGjdk1sY8jYBaAO0ZBhZgq7dMBHPLxU6f2zNfuvBFJQ1l1FwE4vQbYoImoyU5cbvfjGFHaP8u4FZTnCBKTh_tlBJe4SEJ9nTyCxyqe-9vrPwMpY47h2dnYjVcsjkmFK80OVrUppt4GQLBGjH36S7woc7WbEbW2aETrZuN9y4w..
mop_token=>2239828
mop_profile2=>Array
mop_sess_id=>2239828
------------------------
MOP_NICK=>
SocialNetwork=>OIlbYYzJe8YJuFGYiaoyIABRqxaRrlQ33_j05uoX3yqp9m1AL6l1YNV-XwJfbvJooZVg1szFqpiHOgtOMKSK3UIuJit9wEEUMLJghYfyHLUQ4gZQYs9c7XHE59s2QcnU0lmEJQDqBPZL4GwrrazrGKWq4pMl9kVCVKOqkwiu04eviLmv70VYM2fTUSM3r4jT7_ROi8w0uogZFlvveRJ_VWVCODHz2ElD_o-tbPuqmkUUxTI0eQdg9KVtkjC8rqA4R2RtF1l1MI95vJ2fRqXyRz85RM5Pua8WbZOFEyC23M9no0DXppq63ZzGffTrPRpjznYLPdWBwzbk8zGjdk1sY8jYBaAO0ZBhZgq7dMBHPLxU6f2zNfuvBFJQ1l1FwE4vQbYoImoyU5cbvfjGFHaP8u4FZTnCBKTh_tlBJe4SEJ9nTyCxyqe-9vrPwMpY47h2dnYjVcsjkmFK80OVrUppt4GQLBGjH36S7woc7WbEbW2aETrZuN9y4w..
mop_token=>2240544
mop_profile2=>Array
mop_sess_id=>2240544
------------------------
MOP_NICK=>
SocialNetwork=>OIlbYYzJe8YJuFGYiaoyIABRqxaRrlQ33_j05uoX3yqp9m1AL6l1YNV-XwJfbvJooZVg1szFqpiHOgtOMKSK3UIuJit9wEEUMLJghYfyHLUQ4gZQYs9c7XHE59s2QcnU0lmEJQDqBPZL4GwrrazrGKWq4pMl9kVCVKOqkwiu04eviLmv70VYM2fTUSM3r4jT7_ROi8w0uogZFlvveRJ_VWVCODHz2ElD_o-tbPuqmkUUxTI0eQdg9KVtkjC8rqA4R2RtF1l1MI95vJ2fRqXyRz85RM5Pua8WbZOFEyC23M9no0DXppq63ZzGffTrPRpjznYLPdWBwzbk8zGjdk1sY8jYBaAO0ZBhZgq7dMBHPLxU6f2zNfuvBFJQ1l1FwE4vQbYoImoyU5cbvfjGFHaP8u4FZTnCBKTh_tlBJe4SEJ9nTyCxyqe-9vrPwMpY47h2dnYjVcsjkmFK80OVrUppt4GQLBGjH36S7woc7WbEbW2aETrZuN9y4w..
mop_token=>2240544
mop_profile2=>Array
mop_sess_id=>2240544
------------------------
MOP_NICK=>
SocialNetwork=>OIlbYYzJe8YJuFGYiaoyIABRqxaRrlQ33_j05uoX3yqp9m1AL6l1YNV-XwJfbvJooZVg1szFqpiHOgtOMKSK3UIuJit9wEEUMLJghYfyHLUQ4gZQYs9c7XHE59s2QcnU0lmEJQDqBPZL4GwrrazrGKWq4pMl9kVCVKOqkwiu04eviLmv70VYM2fTUSM3r4jT7_ROi8w0uogZFlvveRJ_VWVCODHz2ElD_o-tbPuqmkUUxTI0eQdg9KVtkjC8rqA4R2RtF1l1MI95vJ2fRqXyRz85RM5Pua8WbZOFEyC23M9no0DXppq63ZzGffTrPRpjznYLPdWBwzbk8zGjdk1sY8jYBaAO0ZBhZgq7dMBHPLxU6f2zNfuvBFJQ1l1FwE4vQbYoImoyU5cbvfjGFHaP8u4FZTnCBKTh_tlBJe4SEJ9nTyCxyqe-9vrPwMpY47h2dnYjVcsjkmFK80OVrUppt4GQLBGjH36S7woc7WbEbW2aETrZuN9y4w..
mop_token=>2240544
mop_profile2=>Array
mop_sess_id=>2240544
------------------------
MOP_NICK=>
SocialNetwork=>OIlbYYzJe8YJuFGYiaoyIABRqxaRrlQ33_j05uoX3yqp9m1AL6l1YNV-XwJfbvJooZVg1szFqpiHOgtOMKSK3UIuJit9wEEUMLJghYfyHLUQ4gZQYs9c7XHE59s2QcnU0lmEJQDqBPZL4GwrrazrGKWq4pMl9kVCVKOqkwiu04eviLmv70VYM2fTUSM3r4jT7_ROi8w0uogZFlvveRJ_VWVCODHz2ElD_o-tbPuqmkUUxTI0eQdg9KVtkjC8rqA4R2RtF1l1MI95vJ2fRqXyRz85RM5Pua8WbZOFEyC23M9no0DXppq63ZzGffTrPRpjznYLPdWBwzbk8zGjdk1sY8jYBaAO0ZBhZgq7dMBHPLxU6f2zNfuvBFJQ1l1FwE4vQbYoImoyU5cbvfjGFHaP8u4FZTnCBKTh_tlBJe4SEJ9nTyCxyqe-9vrPwMpY47h2dnYjVcsjkmFK80OVrUppt4GQLBGjH36S7woc7WbEbW2aETrZuN9y4w..
mop_token=>2240544
mop_profile2=>Array
mop_sess_id=>2240544
------------------------
MOP_NICK=>
SocialNetwork=>OIlbYYzJe8YJuFGYiaoyIABRqxaRrlQ33_j05uoX3yqp9m1AL6l1YNV-XwJfbvJooZVg1szFqpiHOgtOMKSK3UIuJit9wEEUMLJghYfyHLUQ4gZQYs9c7XHE59s2QcnU0lmEJQDqBPZL4GwrrazrGKWq4pMl9kVCVKOqkwiu04eviLmv70VYM2fTUSM3r4jT7_ROi8w0uogZFlvveRJ_VWVCODHz2ElD_o-tbPuqmkUUxTI0eQdg9KVtkjC8rqA4R2RtF1l1MI95vJ2fRqXyRz85RM5Pua8WbZOFEyC23M9no0DXppq63ZzGffTrPRpjznYLPdWBwzbk8zGjdk1sY8jYBaAO0ZBhZgq7dMBHPLxU6f2zNfuvBFJQ1l1FwE4vQbYoImoyU5cbvfjGFHaP8u4FZTnCBKTh_tlBJe4SEJ9nTyCxyqe-9vrPwMpY47h2dnYjVcsjkmFK80OVrUppt4GQLBGjH36S7woc7WbEbW2aETrZuN9y4w..
mop_token=>2240544
mop_profile2=>Array
mop_sess_id=>2240544
------------------------
MOP_NICK=>
SocialNetwork=>OIlbYYzJe8YJuFGYiaoyIABRqxaRrlQ33_j05uoX3yqp9m1AL6l1YNV-XwJfbvJooZVg1szFqpiHOgtOMKSK3UIuJit9wEEUMLJghYfyHLUQ4gZQYs9c7XHE59s2QcnU0lmEJQDqBPZL4GwrrazrGKWq4pMl9kVCVKOqkwiu04eviLmv70VYM2fTUSM3r4jT7_ROi8w0uogZFlvveRJ_VWVCODHz2ElD_o-tbPuqmkUUxTI0eQdg9KVtkjC8rqA4R2RtF1l1MI95vJ2fRqXyRz85RM5Pua8WbZOFEyC23M9no0DXppq63ZzGffTrPRpjznYLPdWBwzbk8zGjdk1sY8jYBaAO0ZBhZgq7dMBHPLxU6f2zNfuvBFJQ1l1FwE4vQbYoImoyU5cbvfjGFHaP8u4FZTnCBKTh_tlBJe4SEJ9nTyCxyqe-9vrPwMpY47h2dnYjVcsjkmFK80OVrUppt4GQLBGjH36S7woc7WbEbW2aETrZuN9y4w..
mop_token=>2240902
mop_profile2=>Array
mop_sess_id=>2240902
------------------------
MOP_NICK=>
SocialNetwork=>OIlbYYzJe8YJuFGYiaoyIABRqxaRrlQ33_j05uoX3yqp9m1AL6l1YNV-XwJfbvJooZVg1szFqpiHOgtOMKSK3UIuJit9wEEUMLJghYfyHLUQ4gZQYs9c7XHE59s2QcnU0lmEJQDqBPZL4GwrrazrGKWq4pMl9kVCVKOqkwiu04eviLmv70VYM2fTUSM3r4jT7_ROi8w0uogZFlvveRJ_VWVCODHz2ElD_o-tbPuqmkUUxTI0eQdg9KVtkjC8rqA4R2RtF1l1MI95vJ2fRqXyRz85RM5Pua8WbZOFEyC23M9no0DXppq63ZzGffTrPRpjznYLPdWBwzbk8zGjdk1sY8jYBaAO0ZBhZgq7dMBHPLxU6f2zNfuvBFJQ1l1FwE4vQbYoImoyU5cbvfjGFHaP8u4FZTnCBKTh_tlBJe4SEJ9nTyCxyqe-9vrPwMpY47h2dnYjVcsjkmFK80OVrUppt4GQLBGjH36S7woc7WbEbW2aETrZuN9y4w..
mop_token=>2240902
mop_profile2=>Array
mop_sess_id=>2240902
------------------------
MOP_NICK=>
SocialNetwork=>OIlbYYzJe8YJuFGYiaoyIABRqxaRrlQ33_j05uoX3yqp9m1AL6l1YNV-XwJfbvJooZVg1szFqpiHOgtOMKSK3UIuJit9wEEUMLJghYfyHLUQ4gZQYs9c7XHE59s2QcnU0lmEJQDqBPZL4GwrrazrGKWq4pMl9kVCVKOqkwiu04eviLmv70VYM2fTUSM3r4jT7_ROi8w0uogZFlvveRJ_VWVCODHz2ElD_o-tbPuqmkUUxTI0eQdg9KVtkjC8rqA4R2RtF1l1MI95vJ2fRqXyRz85RM5Pua8WbZOFEyC23M9no0DXppq63ZzGffTrPRpjznYLPdWBwzbk8zGjdk1sY8jYBaAO0ZBhZgq7dMBHPLxU6f2zNfuvBFJQ1l1FwE4vQbYoImoyU5cbvfjGFHaP8u4FZTnCBKTh_tlBJe4SEJ9nTyCxyqe-9vrPwMpY47h2dnYjVcsjkmFK80OVrUppt4GQLBGjH36S7woc7WbEbW2aETrZuN9y4w..
mop_token=>2241439
mop_profile2=>Array
mop_sess_id=>2241439
------------------------
MOP_NICK=>
SocialNetwork=>OIlbYYzJe8YJuFGYiaoyIABRqxaRrlQ33_j05uoX3yqp9m1AL6l1YNV-XwJfbvJooZVg1szFqpiHOgtOMKSK3UIuJit9wEEUMLJghYfyHLUQ4gZQYs9c7XHE59s2QcnU0lmEJQDqBPZL4GwrrazrGKWq4pMl9kVCVKOqkwiu04eviLmv70VYM2fTUSM3r4jT7_ROi8w0uogZFlvveRJ_VWVCODHz2ElD_o-tbPuqmkUUxTI0eQdg9KVtkjC8rqA4R2RtF1l1MI95vJ2fRqXyRz85RM5Pua8WbZOFEyC23M9no0DXppq63ZzGffTrPRpjznYLPdWBwzbk8zGjdk1sY8jYBaAO0ZBhZgq7dMBHPLxU6f2zNfuvBFJQ1l1FwE4vQbYoImoyU5cbvfjGFHaP8u4FZTnCBKTh_tlBJe4SEJ9nTyCxyqe-9vrPwMpY47h2dnYjVcsjkmFK80OVrUppt4GQLBGjH36S7woc7WbEbW2aETrZuN9y4w..
mop_token=>2241439
mop_profile2=>Array
mop_sess_id=>2241439
------------------------
MOP_NICK=>
SocialNetwork=>OIlbYYzJe8YJuFGYiaoyIABRqxaRrlQ33_j05uoX3yqp9m1AL6l1YNV-XwJfbvJooZVg1szFqpiHOgtOMKSK3UIuJit9wEEUMLJghYfyHLUQ4gZQYs9c7XHE59s2QcnU0lmEJQDqBPZL4GwrrazrGKWq4pMl9kVCVKOqkwiu04eviLmv70VYM2fTUSM3r4jT7_ROi8w0uogZFlvveRJ_VWVCODHz2ElD_o-tbPuqmkUUxTI0eQdg9KVtkjC8rqA4R2RtF1l1MI95vJ2fRqXyRz85RM5Pua8WbZOFEyC23M9no0DXppq63ZzGffTrPRpjznYLPdWBwzbk8zGjdk1sY8jYBaAO0ZBhZgq7dMBHPLxU6f2zNfuvBFJQ1l1FwE4vQbYoImoyU5cbvfjGFHaP8u4FZTnCBKTh_tlBJe4SEJ9nTyCxyqe-9vrPwMpY47h2dnYjVcsjkmFK80OVrUppt4GQLBGjH36S7woc7WbEbW2aETrZuN9y4w..
mop_token=>2241618
mop_profile2=>Array
mop_sess_id=>2241618
------------------------
MOP_NICK=>
SocialNetwork=>OIlbYYzJe8YJuFGYiaoyIABRqxaRrlQ33_j05uoX3yqp9m1AL6l1YNV-XwJfbvJooZVg1szFqpiHOgtOMKSK3UIuJit9wEEUMLJghYfyHLUQ4gZQYs9c7XHE59s2QcnU0lmEJQDqBPZL4GwrrazrGKWq4pMl9kVCVKOqkwiu04eviLmv70VYM2fTUSM3r4jT7_ROi8w0uogZFlvveRJ_VWVCODHz2ElD_o-tbPuqmkUUxTI0eQdg9KVtkjC8rqA4R2RtF1l1MI95vJ2fRqXyRz85RM5Pua8WbZOFEyC23M9no0DXppq63ZzGffTrPRpjznYLPdWBwzbk8zGjdk1sY8jYBaAO0ZBhZgq7dMBHPLxU6f2zNfuvBFJQ1l1FwE4vQbYoImoyU5cbvfjGFHaP8u4FZTnCBKTh_tlBJe4SEJ9nTyCxyqe-9vrPwMpY47h2dnYjVcsjkmFK80OVrUppt4GQLBGjH36S7woc7WbEbW2aETrZuN9y4w..
mop_token=>2241618
mop_profile2=>Array
mop_sess_id=>2241618
------------------------
MOP_NICK=>
SocialNetwork=>OIlbYYzJe8YJuFGYiaoyIABRqxaRrlQ33_j05uoX3yqp9m1AL6l1YNV-XwJfbvJooZVg1szFqpiHOgtOMKSK3UIuJit9wEEUMLJghYfyHLUQ4gZQYs9c7XHE59s2QcnU0lmEJQDqBPZL4GwrrazrGKWq4pMl9kVCVKOqkwiu04eviLmv70VYM2fTUSM3r4jT7_ROi8w0uogZFlvveRJ_VWVCODHz2ElD_o-tbPuqmkUUxTI0eQdg9KVtkjC8rqA4R2RtF1l1MI95vJ2fRqXyRz85RM5Pua8WbZOFEyC23M9no0DXppq63ZzGffTrPRpjznYLPdWBwzbk8zGjdk1sY8jYBaAO0ZBhZgq7dMBHPLxU6f2zNfuvBFJQ1l1FwE4vQbYoImoyU5cbvfjGFHaP8u4FZTnCBKTh_tlBJe4SEJ9nTyCxyqe-9vrPwMpY47h2dnYjVcsjkmFK80OVrUppt4GQLBGjH36S7woc7WbEbW2aETrZuN9y4w..
mop_token=>2241618
mop_profile2=>Array
mop_sess_id=>2241618
------------------------
MOP_NICK=>
SocialNetwork=>OIlbYYzJe8YJuFGYiaoyIABRqxaRrlQ33_j05uoX3yqp9m1AL6l1YNV-XwJfbvJooZVg1szFqpiHOgtOMKSK3UIuJit9wEEUMLJghYfyHLUQ4gZQYs9c7XHE59s2QcnU0lmEJQDqBPZL4GwrrazrGKWq4pMl9kVCVKOqkwiu04eviLmv70VYM2fTUSM3r4jT7_ROi8w0uogZFlvveRJ_VWVCODHz2ElD_o-tbPuqmkUUxTI0eQdg9KVtkjC8rqA4R2RtF1l1MI95vJ2fRqXyRz85RM5Pua8WbZOFEyC23M9no0DXppq63ZzGffTrPRpjznYLPdWBwzbk8zGjdk1sY8jYBaAO0ZBhZgq7dMBHPLxU6f2zNfuvBFJQ1l1FwE4vQbYoImoyU5cbvfjGFHaP8u4FZTnCBKTh_tlBJe4SEJ9nTyCxyqe-9vrPwMpY47h2dnYjVcsjkmFK80OVrUppt4GQLBGjH36S7woc7WbEbW2aETrZuN9y4w..
mop_token=>2241976
mop_profile2=>Array
mop_sess_id=>2241976
------------------------
MOP_NICK=>
SocialNetwork=>OIlbYYzJe8YJuFGYiaoyIABRqxaRrlQ33_j05uoX3yqp9m1AL6l1YNV-XwJfbvJooZVg1szFqpiHOgtOMKSK3UIuJit9wEEUMLJghYfyHLUQ4gZQYs9c7XHE59s2QcnU0lmEJQDqBPZL4GwrrazrGKWq4pMl9kVCVKOqkwiu04eviLmv70VYM2fTUSM3r4jT7_ROi8w0uogZFlvveRJ_VWVCODHz2ElD_o-tbPuqmkUUxTI0eQdg9KVtkjC8rqA4R2RtF1l1MI95vJ2fRqXyRz85RM5Pua8WbZOFEyC23M9no0DXppq63ZzGffTrPRpjznYLPdWBwzbk8zGjdk1sY8jYBaAO0ZBhZgq7dMBHPLxU6f2zNfuvBFJQ1l1FwE4vQbYoImoyU5cbvfjGFHaP8u4FZTnCBKTh_tlBJe4SEJ9nTyCxyqe-9vrPwMpY47h2dnYjVcsjkmFK80OVrUppt4GQLBGjH36S7woc7WbEbW2aETrZuN9y4w..
mop_token=>2242334
mop_profile2=>Array
mop_sess_id=>2241976
------------------------
MOP_NICK=>
SocialNetwork=>OIlbYYzJe8YJuFGYiaoyIABRqxaRrlQ33_j05uoX3yqp9m1AL6l1YNV-XwJfbvJooZVg1szFqpiHOgtOMKSK3UIuJit9wEEUMLJghYfyHLUQ4gZQYs9c7XHE59s2QcnU0lmEJQDqBPZL4GwrrazrGKWq4pMl9kVCVKOqkwiu04eviLmv70VYM2fTUSM3r4jT7_ROi8w0uogZFlvveRJ_VWVCODHz2ElD_o-tbPuqmkUUxTI0eQdg9KVtkjC8rqA4R2RtF1l1MI95vJ2fRqXyRz85RM5Pua8WbZOFEyC23M9no0DXppq63ZzGffTrPRpjznYLPdWBwzbk8zGjdk1sY8jYBaAO0ZBhZgq7dMBHPLxU6f2zNfuvBFJQ1l1FwE4vQbYoImoyU5cbvfjGFHaP8u4FZTnCBKTh_tlBJe4SEJ9nTyCxyqe-9vrPwMpY47h2dnYjVcsjkmFK80OVrUppt4GQLBGjH36S7woc7WbEbW2aETrZuN9y4w..
mop_token=>2242334
mop_profile2=>Array
mop_sess_id=>2242334
------------------------
MOP_NICK=>
SocialNetwork=>OIlbYYzJe8YJuFGYiaoyIABRqxaRrlQ33_j05uoX3yqp9m1AL6l1YNV-XwJfbvJooZVg1szFqpiHOgtOMKSK3UIuJit9wEEUMLJghYfyHLUQ4gZQYs9c7XHE59s2QcnU0lmEJQDqBPZL4GwrrazrGKWq4pMl9kVCVKOqkwiu04eviLmv70VYM2fTUSM3r4jT7_ROi8w0uogZFlvveRJ_VWVCODHz2ElD_o-tbPuqmkUUxTI0eQdg9KVtkjC8rqA4R2RtF1l1MI95vJ2fRqXyRz85RM5Pua8WbZOFEyC23M9no0DXppq63ZzGffTrPRpjznYLPdWBwzbk8zGjdk1sY8jYBaAO0ZBhZgq7dMBHPLxU6f2zNfuvBFJQ1l1FwE4vQbYoImoyU5cbvfjGFHaP8u4FZTnCBKTh_tlBJe4SEJ9nTyCxyqe-9vrPwMpY47h2dnYjVcsjkmFK80OVrUppt4GQLBGjH36S7woc7WbEbW2aETrZuN9y4w..
mop_token=>2271153
mop_profile2=>Array
mop_sess_id=>2271153
------------------------
MOP_NICK=>
SocialNetwork=>OIlbYYzJe8YJuFGYiaoyIABRqxaRrlQ33_j05uoX3yqp9m1AL6l1YNV-XwJfbvJooZVg1szFqpiHOgtOMKSK3UIuJit9wEEUMLJghYfyHLUQ4gZQYs9c7XHE59s2QcnU0lmEJQDqBPZL4GwrrazrGKWq4pMl9kVCVKOqkwiu04eviLmv70VYM2fTUSM3r4jT7_ROi8w0uogZFlvveRJ_VWVCODHz2ElD_o-tbPuqmkUUxTI0eQdg9KVtkjC8rqA4R2RtF1l1MI95vJ2fRqXyRz85RM5Pua8WbZOFEyC23M9no0DXppq63ZzGffTrPRpjznYLPdWBwzbk8zGjdk1sY8jYBaAO0ZBhZgq7dMBHPLxU6f2zNfuvBFJQ1l1FwE4vQbYoImoyU5cbvfjGFHaP8u4FZTnCBKTh_tlBJe4SEJ9nTyCxyqe-9vrPwMpY47h2dnYjVcsjkmFK80OVrUppt4GQLBGjH36S7woc7WbEbW2aETrZuN9y4w..
mop_token=>2271153
mop_profile2=>Array
mop_sess_id=>2271153
------------------------
MOP_NICK=>
SocialNetwork=>OIlbYYzJe8YJuFGYiaoyIABRqxaRrlQ33_j05uoX3yqp9m1AL6l1YNV-XwJfbvJooZVg1szFqpiHOgtOMKSK3UIuJit9wEEUMLJghYfyHLUQ4gZQYs9c7XHE59s2QcnU0lmEJQDqBPZL4GwrrazrGKWq4pMl9kVCVKOqkwiu04eviLmv70VYM2fTUSM3r4jT7_ROi8w0uogZFlvveRJ_VWVCODHz2ElD_o-tbPuqmkUUxTI0eQdg9KVtkjC8rqA4R2RtF1l1MI95vJ2fRqXyRz85RM5Pua8WbZOFEyC23M9no0DXppq63ZzGffTrPRpjznYLPdWBwzbk8zGjdk1sY8jYBaAO0ZBhZgq7dMBHPLxU6f2zNfuvBFJQ1l1FwE4vQbYoImoyU5cbvfjGFHaP8u4FZTnCBKTh_tlBJe4SEJ9nTyCxyqe-9vrPwMpY47h2dnYjVcsjkmFK80OVrUppt4GQLBGjH36S7woc7WbEbW2aETrZuN9y4w..
mop_token=>2271332
mop_profile2=>Array
mop_sess_id=>2271332
------------------------
MOP_NICK=>
SocialNetwork=>OIlbYYzJe8YJuFGYiaoyIABRqxaRrlQ33_j05uoX3yqp9m1AL6l1YNV-XwJfbvJooZVg1szFqpiHOgtOMKSK3UIuJit9wEEUMLJghYfyHLUQ4gZQYs9c7XHE59s2QcnU0lmEJQDqBPZL4GwrrazrGKWq4pMl9kVCVKOqkwiu04eviLmv70VYM2fTUSM3r4jT7_ROi8w0uogZFlvveRJ_VWVCODHz2ElD_o-tbPuqmkUUxTI0eQdg9KVtkjC8rqA4R2RtF1l1MI95vJ2fRqXyRz85RM5Pua8WbZOFEyC23M9no0DXppq63ZzGffTrPRpjznYLPdWBwzbk8zGjdk1sY8jYBaAO0ZBhZgq7dMBHPLxU6f2zNfuvBFJQ1l1FwE4vQbYoImoyU5cbvfjGFHaP8u4FZTnCBKTh_tlBJe4SEJ9nTyCxyqe-9vrPwMpY47h2dnYjVcsjkmFK80OVrUppt4GQLBGjH36S7woc7WbEbW2aETrZuN9y4w..
mop_token=>2271332
mop_profile2=>Array
mop_sess_id=>2271332
------------------------
MOP_NICK=>
SocialNetwork=>OIlbYYzJe8YJuFGYiaoyIABRqxaRrlQ33_j05uoX3yqp9m1AL6l1YNV-XwJfbvJooZVg1szFqpiHOgtOMKSK3UIuJit9wEEUMLJghYfyHLUQ4gZQYs9c7XHE59s2QcnU0lmEJQDqBPZL4GwrrazrGKWq4pMl9kVCVKOqkwiu04eviLmv70VYM2fTUSM3r4jT7_ROi8w0uogZFlvveRJ_VWVCODHz2ElD_o-tbPuqmkUUxTI0eQdg9KVtkjC8rqA4R2RtF1l1MI95vJ2fRqXyRz85RM5Pua8WbZOFEyC23M9no0DXppq63ZzGffTrPRpjznYLPdWBwzbk8zGjdk1sY8jYBaAO0ZBhZgq7dMBHPLxU6f2zNfuvBFJQ1l1FwE4vQbYoImoyU5cbvfjGFHaP8u4FZTnCBKTh_tlBJe4SEJ9nTyCxyqe-9vrPwMpY47h2dnYjVcsjkmFK80OVrUppt4GQLBGjH36S7woc7WbEbW2aETrZuN9y4w..
mop_token=>2271332
mop_profile2=>Array
mop_sess_id=>2271332
------------------------
MOP_NICK=>
SocialNetwork=>OIlbYYzJe8YJuFGYiaoyIABRqxaRrlQ33_j05uoX3yqp9m1AL6l1YNV-XwJfbvJooZVg1szFqpiHOgtOMKSK3UIuJit9wEEUMLJghYfyHLUQ4gZQYs9c7XHE59s2QcnU0lmEJQDqBPZL4GwrrazrGKWq4pMl9kVCVKOqkwiu04eviLmv70VYM2fTUSM3r4jT7_ROi8w0uogZFlvveRJ_VWVCODHz2ElD_o-tbPuqmkUUxTI0eQdg9KVtkjC8rqA4R2RtF1l1MI95vJ2fRqXyRz85RM5Pua8WbZOFEyC23M9no0DXppq63ZzGffTrPRpjznYLPdWBwzbk8zGjdk1sY8jYBaAO0ZBhZgq7dMBHPLxU6f2zNfuvBFJQ1l1FwE4vQbYoImoyU5cbvfjGFHaP8u4FZTnCBKTh_tlBJe4SEJ9nTyCxyqe-9vrPwMpY47h2dnYjVcsjkmFK80OVrUppt4GQLBGjH36S7woc7WbEbW2aETrZuN9y4w..
mop_token=>2303731
mop_profile2=>Array
mop_sess_id=>2303731
------------------------
MOP_NICK=>
SocialNetwork=>OIlbYYzJe8YJuFGYiaoyIABRqxaRrlQ33_j05uoX3yqp9m1AL6l1YNV-XwJfbvJooZVg1szFqpiHOgtOMKSK3UIuJit9wEEUMLJghYfyHLUQ4gZQYs9c7XHE59s2QcnU0lmEJQDqBPZL4GwrrazrGKWq4pMl9kVCVKOqkwiu04eviLmv70VYM2fTUSM3r4jT7_ROi8w0uogZFlvveRJ_VWVCODHz2ElD_o-tbPuqmkUUxTI0eQdg9KVtkjC8rqA4R2RtF1l1MI95vJ2fRqXyRz85RM5Pua8WbZOFEyC23M9no0DXppq63ZzGffTrPRpjznYLPdWBwzbk8zGjdk1sY8jYBaAO0ZBhZgq7dMBHPLxU6f2zNfuvBFJQ1l1FwE4vQbYoImoyU5cbvfjGFHaP8u4FZTnCBKTh_tlBJe4SEJ9nTyCxyqe-9vrPwMpY47h2dnYjVcsjkmFK80OVrUppt4GQLBGjH36S7woc7WbEbW2aETrZuN9y4w..
mop_token=>2303731
mop_profile2=>Array
mop_sess_id=>2303731
------------------------
MOP_NICK=>
SocialNetwork=>OIlbYYzJe8YJuFGYiaoyIABRqxaRrlQ33_j05uoX3yqp9m1AL6l1YNV-XwJfbvJooZVg1szFqpiHOgtOMKSK3UIuJit9wEEUMLJghYfyHLUQ4gZQYs9c7XHE59s2QcnU0lmEJQDqBPZL4GwrrazrGKWq4pMl9kVCVKOqkwiu04eviLmv70VYM2fTUSM3r4jT7_ROi8w0uogZFlvveRJ_VWVCODHz2ElD_o-tbPuqmkUUxTI0eQdg9KVtkjC8rqA4R2RtF1l1MI95vJ2fRqXyRz85RM5Pua8WbZOFEyC23M9no0DXppq63ZzGffTrPRpjznYLPdWBwzbk8zGjdk1sY8jYBaAO0ZBhZgq7dMBHPLxU6f2zNfuvBFJQ1l1FwE4vQbYoImoyU5cbvfjGFHaP8u4FZTnCBKTh_tlBJe4SEJ9nTyCxyqe-9vrPwMpY47h2dnYjVcsjkmFK80OVrUppt4GQLBGjH36S7woc7WbEbW2aETrZuN9y4w..
mop_token=>2303731
mop_profile2=>Array
mop_sess_id=>2303731
------------------------
MOP_NICK=>
SocialNetwork=>OIlbYYzJe8YJuFGYiaoyIABRqxaRrlQ33_j05uoX3yqp9m1AL6l1YNV-XwJfbvJooZVg1szFqpiHOgtOMKSK3UIuJit9wEEUMLJghYfyHLUQ4gZQYs9c7XHE59s2QcnU0lmEJQDqBPZL4GwrrazrGKWq4pMl9kVCVKOqkwiu04eviLmv70VYM2fTUSM3r4jT7_ROi8w0uogZFlvveRJ_VWVCODHz2ElD_o-tbPuqmkUUxTI0eQdg9KVtkjC8rqA4R2RtF1l1MI95vJ2fRqXyRz85RM5Pua8WbZOFEyC23M9no0DXppq63ZzGffTrPRpjznYLPdWBwzbk8zGjdk1sY8jYBaAO0ZBhZgq7dMBHPLxU6f2zNfuvBFJQ1l1FwE4vQbYoImoyU5cbvfjGFHaP8u4FZTnCBKTh_tlBJe4SEJ9nTyCxyqe-9vrPwMpY47h2dnYjVcsjkmFK80OVrUppt4GQLBGjH36S7woc7WbEbW2aETrZuN9y4w..
mop_token=>2303731
mop_profile2=>Array
mop_sess_id=>2303731
------------------------
MOP_NICK=>
SocialNetwork=>OIlbYYzJe8YJuFGYiaoyIABRqxaRrlQ33_j05uoX3yqp9m1AL6l1YNV-XwJfbvJooZVg1szFqpiHOgtOMKSK3UIuJit9wEEUMLJghYfyHLUQ4gZQYs9c7XHE59s2QcnU0lmEJQDqBPZL4GwrrazrGKWq4pMl9kVCVKOqkwiu04eviLmv70VYM2fTUSM3r4jT7_ROi8w0uogZFlvveRJ_VWVCODHz2ElD_o-tbPuqmkUUxTI0eQdg9KVtkjC8rqA4R2RtF1l1MI95vJ2fRqXyRz85RM5Pua8WbZOFEyC23M9no0DXppq63ZzGffTrPRpjznYLPdWBwzbk8zGjdk1sY8jYBaAO0ZBhZgq7dMBHPLxU6f2zNfuvBFJQ1l1FwE4vQbYoImoyU5cbvfjGFHaP8u4FZTnCBKTh_tlBJe4SEJ9nTyCxyqe-9vrPwMpY47h2dnYjVcsjkmFK80OVrUppt4GQLBGjH36S7woc7WbEbW2aETrZuN9y4w..
mop_token=>2303731
mop_profile2=>Array
mop_sess_id=>2303731
------------------------
MOP_NICK=>
SocialNetwork=>OIlbYYzJe8YJuFGYiaoyIABRqxaRrlQ33_j05uoX3yqp9m1AL6l1YNV-XwJfbvJooZVg1szFqpiHOgtOMKSK3UIuJit9wEEUMLJghYfyHLUQ4gZQYs9c7XHE59s2QcnU0lmEJQDqBPZL4GwrrazrGKWq4pMl9kVCVKOqkwiu04eviLmv70VYM2fTUSM3r4jT7_ROi8w0uogZFlvveRJ_VWVCODHz2ElD_o-tbPuqmkUUxTI0eQdg9KVtkjC8rqA4R2RtF1l1MI95vJ2fRqXyRz85RM5Pua8WbZOFEyC23M9no0DXppq63ZzGffTrPRpjznYLPdWBwzbk8zGjdk1sY8jYBaAO0ZBhZgq7dMBHPLxU6f2zNfuvBFJQ1l1FwE4vQbYoImoyU5cbvfjGFHaP8u4FZTnCBKTh_tlBJe4SEJ9nTyCxyqe-9vrPwMpY47h2dnYjVcsjkmFK80OVrUppt4GQLBGjH36S7woc7WbEbW2aETrZuN9y4w..
mop_token=>2304089
mop_profile2=>Array
mop_sess_id=>2304089
------------------------
MOP_NICK=>
SocialNetwork=>OIlbYYzJe8YJuFGYiaoyIABRqxaRrlQ33_j05uoX3yqp9m1AL6l1YNV-XwJfbvJooZVg1szFqpiHOgtOMKSK3UIuJit9wEEUMLJghYfyHLUQ4gZQYs9c7XHE59s2QcnU0lmEJQDqBPZL4GwrrazrGKWq4pMl9kVCVKOqkwiu04eviLmv70VYM2fTUSM3r4jT7_ROi8w0uogZFlvveRJ_VWVCODHz2ElD_o-tbPuqmkUUxTI0eQdg9KVtkjC8rqA4R2RtF1l1MI95vJ2fRqXyRz85RM5Pua8WbZOFEyC23M9no0DXppq63ZzGffTrPRpjznYLPdWBwzbk8zGjdk1sY8jYBaAO0ZBhZgq7dMBHPLxU6f2zNfuvBFJQ1l1FwE4vQbYoImoyU5cbvfjGFHaP8u4FZTnCBKTh_tlBJe4SEJ9nTyCxyqe-9vrPwMpY47h2dnYjVcsjkmFK80OVrUppt4GQLBGjH36S7woc7WbEbW2aETrZuN9y4w..
mop_token=>2304089
mop_profile2=>Array
mop_sess_id=>2304089
------------------------
MOP_NICK=>
SocialNetwork=>OIlbYYzJe8YJuFGYiaoyIABRqxaRrlQ33_j05uoX3yqp9m1AL6l1YNV-XwJfbvJooZVg1szFqpiHOgtOMKSK3UIuJit9wEEUMLJghYfyHLUQ4gZQYs9c7XHE59s2QcnU0lmEJQDqBPZL4GwrrazrGKWq4pMl9kVCVKOqkwiu04eviLmv70VYM2fTUSM3r4jT7_ROi8w0uogZFlvveRJ_VWVCODHz2ElD_o-tbPuqmkUUxTI0eQdg9KVtkjC8rqA4R2RtF1l1MI95vJ2fRqXyRz85RM5Pua8WbZOFEyC23M9no0DXppq63ZzGffTrPRpjznYLPdWBwzbk8zGjdk1sY8jYBaAO0ZBhZgq7dMBHPLxU6f2zNfuvBFJQ1l1FwE4vQbYoImoyU5cbvfjGFHaP8u4FZTnCBKTh_tlBJe4SEJ9nTyCxyqe-9vrPwMpY47h2dnYjVcsjkmFK80OVrUppt4GQLBGjH36S7woc7WbEbW2aETrZuN9y4w..
mop_token=>2304089
mop_profile2=>Array
mop_sess_id=>2304089
------------------------
MOP_NICK=>
SocialNetwork=>OIlbYYzJe8YJuFGYiaoyIABRqxaRrlQ33_j05uoX3yqp9m1AL6l1YNV-XwJfbvJooZVg1szFqpiHOgtOMKSK3UIuJit9wEEUMLJghYfyHLUQ4gZQYs9c7XHE59s2QcnU0lmEJQDqBPZL4GwrrazrGKWq4pMl9kVCVKOqkwiu04eviLmv70VYM2fTUSM3r4jT7_ROi8w0uogZFlvveRJ_VWVCODHz2ElD_o-tbPuqmkUUxTI0eQdg9KVtkjC8rqA4R2RtF1l1MI95vJ2fRqXyRz85RM5Pua8WbZOFEyC23M9no0DXppq63ZzGffTrPRpjznYLPdWBwzbk8zGjdk1sY8jYBaAO0ZBhZgq7dMBHPLxU6f2zNfuvBFJQ1l1FwE4vQbYoImoyU5cbvfjGFHaP8u4FZTnCBKTh_tlBJe4SEJ9nTyCxyqe-9vrPwMpY47h2dnYjVcsjkmFK80OVrUppt4GQLBGjH36S7woc7WbEbW2aETrZuN9y4w..
mop_token=>2304089
mop_profile2=>Array
mop_sess_id=>2304089
------------------------
